Traceback (most recent call last):
  File "/home/valeria/.local/share/pipx/venvs/jupyter-book/lib/python3.12/site-packages/jupyter_cache/executors/utils.py", line 58, in single_nb_execution
    executenb(
  File "/home/valeria/.local/share/pipx/venvs/jupyter-book/lib/python3.12/site-packages/nbclient/client.py", line 1314, in execute
    return NotebookClient(nb=nb, resources=resources, km=km, **kwargs).execute()
           ^^^^^^^^^^^^^^^^^^^^^^^^^^^^^^^^^^^^^^^^^^^^^^^^^^^^^^^^^^^^^^^^^^^^^
  File "/home/valeria/.local/share/pipx/venvs/jupyter-book/lib/python3.12/site-packages/jupyter_core/utils/__init__.py", line 165, in wrapped
    return loop.run_until_complete(inner)
           ^^^^^^^^^^^^^^^^^^^^^^^^^^^^^^
  File "/usr/lib/python3.12/asyncio/base_events.py", line 687, in run_until_complete
    return future.result()
           ^^^^^^^^^^^^^^^
  File "/home/valeria/.local/share/pipx/venvs/jupyter-book/lib/python3.12/site-packages/nbclient/client.py", line 709, in async_execute
    await self.async_execute_cell(
  File "/home/valeria/.local/share/pipx/venvs/jupyter-book/lib/python3.12/site-packages/nbclient/client.py", line 1062, in async_execute_cell
    await self._check_raise_for_error(cell, cell_index, exec_reply)
  File "/home/valeria/.local/share/pipx/venvs/jupyter-book/lib/python3.12/site-packages/nbclient/client.py", line 918, in _check_raise_for_error
    raise CellExecutionError.from_cell_and_msg(cell, exec_reply_content)
nbclient.exceptions.CellExecutionError: An error occurred while executing the following cell:
------------------
using FastGaussQuadrature

n = 100
x, q = gausslegendre(n)
scatter(x, q, label="Gauss-Legendre", ylabel="weight", xlims=(-1, 1))
scatter!(gausslobatto(n)..., label="Gauss-Lobatto")
------------------


ArgumentError: Package FastGaussQuadrature not found in current path.
- Run `import Pkg; Pkg.add("FastGaussQuadrature")` to install the FastGaussQuadrature package.

Stacktrace:
 [1] macro expansion
   @ ./loading.jl:1772 [inlined]
 [2] macro expansion
   @ ./lock.jl:267 [inlined]
 [3] __require(into::Module, mod::Symbol)
   @ Base ./loading.jl:1753
 [4] #invoke_in_world#3
   @ ./essentials.jl:926 [inlined]
 [5] invoke_in_world
   @ ./essentials.jl:923 [inlined]
 [6] require(into::Module, mod::Symbol)
   @ Base ./loading.jl:1746

